AVR Open-source Programmer $Revision: 1163 $ (C) 2004 Atmel Corp.

Serial port timeout set to 5 sec.
Found AVRBOOT on COM3!
Entering programming mode...
Reading signature bytes: 0x1e 0x97 0x4c
Reading programmer software revision: 1.6
Parsing XML file for device parameters...
Parsing '.\ATxmega128A1.xml'...
Saving cached XML parameters...
Signature matches device!
Reading fuse bits...
0x3f3f
Erasing chip contents...
Reading HEX input file for flash operations...
Programming Flash contents...
Using block mode...
Reading Flash contents...
Using block mode...
Comparing Flash data...
Equal!
Leaving programming mode...
